<?xml version="1.0" encoding="UTF-8"?>
<coverage generated="1721023204488" clover="3.2.0">
  <project timestamp="1721023204488" name="All files">
    <metrics statements="5" coveredstatements="0" conditionals="2" coveredconditionals="0" methods="2" coveredmethods="0" elements="9" coveredelements="0" complexity="0" loc="5" ncloc="5" packages="2" files="2" classes="2"/>
    <package name="SGN5_SHIP">
      <metrics statements="4" coveredstatements="0" conditionals="1" coveredconditionals="0" methods="1" coveredmethods="0"/>
      <file name="astro.config.mjs" path="/Users/eric/Desktop/Code/SGN5_SHIP/astro.config.mjs">
        <metrics statements="4" coveredstatements="0" conditionals="1" coveredconditionals="0" methods="1" coveredmethods="0"/>
        <line num="1" count="0" type="cond" truecount="0" falsecount="1"/>
        <line num="2" count="0" type="stmt"/>
        <line num="3" count="0" type="stmt"/>
        <line num="4" count="0" type="stmt"/>
      </file>
    </package>
    <package name="SGN5_SHIP.src">
      <metrics statements="1" coveredstatements="0" conditionals="1" coveredconditionals="0" methods="1" coveredmethods="0"/>
      <file name="constants.ts" path="/Users/eric/Desktop/Code/SGN5_SHIP/src/constants.ts">
        <metrics statements="1" coveredstatements="0" conditionals="1" coveredconditionals="0" methods="1" coveredmethods="0"/>
        <line num="1" count="0" type="cond" truecount="0" falsecount="1"/>
      </file>
    </package>
  </project>
</coverage>
