{"/Users/eric/Desktop/Code/SGN5_SHIP/astro.config.mjs": {"path":"/Users/eric/Desktop/Code/SGN5_SHIP/astro.config.mjs","all":true,"statementMap":{"0":{"start":{"line":1,"column":0},"end":{"line":1,"column":44}},"1":{"start":{"line":2,"column":0},"end":{"line":2,"column":0}},"2":{"start":{"line":3,"column":0},"end":{"line":3,"column":29}},"3":{"start":{"line":4,"column":0},"end":{"line":4,"column":32}}},"s":{"0":0,"1":0,"2":0,"3":0},"branchMap":{"0":{"type":"branch","line":1,"loc":{"start":{"line":1,"column":0},"end":{"line":4,"column":-32}},"locations":[{"start":{"line":1,"column":0},"end":{"line":4,"column":-32}}]}},"b":{"0":[0]},"fnMap":{"0":{"name":"(empty-report)","decl":{"start":{"line":1,"column":0},"end":{"line":4,"column":-32}},"loc":{"start":{"line":1,"column":0},"end":{"line":4,"column":-32}},"line":1}},"f":{"0":0}}
,"/Users/eric/Desktop/Code/SGN5_SHIP/src/constants.ts": {"path":"/Users/eric/Desktop/Code/SGN5_SHIP/src/constants.ts","all":true,"statementMap":{"0":{"start":{"line":1,"column":0},"end":{"line":1,"column":36}}},"s":{"0":0},"branchMap":{"0":{"type":"branch","line":1,"loc":{"start":{"line":1,"column":36},"end":{"line":1,"column":36}},"locations":[{"start":{"line":1,"column":36},"end":{"line":1,"column":36}}]}},"b":{"0":[0]},"fnMap":{"0":{"name":"(empty-report)","decl":{"start":{"line":1,"column":36},"end":{"line":1,"column":36}},"loc":{"start":{"line":1,"column":36},"end":{"line":1,"column":36}},"line":1}},"f":{"0":0}}
}
